8: 1.627e+00
9: 1.535e+00
10: 1.612e+00
10: 1.603e+00
10: 1.449e+00
10: 1.489e+00
10: 1.426e+00
10: 1.378e+00
16: 1.523e+00
17: 1.384e+00
18: 1.446e+00
18: 1.586e+00
18: 1.404e+00
18: 1.399e+00
20: 1.533e+00
19: 1.299e+00
24: 1.422e+00
25: 1.465e+00
26: 1.284e+00
26: 1.572e+00
26: 1.457e+00
27: 1.589e+00
27: 1.491e+00
28: 1.584e+00
32: 1.443e+00
33: 1.570e+00
33: 1.521e+00
34: 1.536e+00
33: 1.548e+00
34: 1.450e+00
34: 1.515e+00
35: 1.541e+00
40: 1.253e+00
40: 1.570e+00
40: 1.372e+00
40: 1.473e+00
40: 1.389e+00
40: 1.532e+00
40: 1.406e+00
40: 1.516e+00
