8: 3.802e+00
9: 3.531e+00
10: 3.624e+00
10: 3.769e+00
10: 3.624e+00
10: 3.817e+00
10: 3.654e+00
10: 3.721e+00
16: 3.651e+00
17: 3.753e+00
18: 3.676e+00
18: 3.537e+00
18: 3.707e+00
18: 3.611e+00
20: 3.548e+00
19: 3.661e+00
24: 3.681e+00
25: 3.659e+00
26: 3.848e+00
26: 3.676e+00
26: 3.702e+00
27: 3.756e+00
27: 3.557e+00
28: 3.707e+00
32: 3.613e+00
33: 3.734e+00
33: 3.599e+00
34: 3.609e+00
33: 3.675e+00
34: 3.616e+00
34: 3.534e+00
35: 3.626e+00
40: 3.748e+00
40: 3.733e+00
40: 3.752e+00
40: 3.566e+00
40: 3.628e+00
40: 3.594e+00
40: 3.601e+00
40: 3.562e+00
