8: 3.542e-02
9: 5.831e-03
10: -1.873e-03
10: 2.247e-02
10: -1.178e-02
10: -6.570e-03
10: 2.757e-03
10: -2.017e-02
16: 1.601e-04
17: -1.266e-02
18: 1.945e-02
18: -4.022e-02
18: -1.561e-02
18: 4.261e-02
19: -2.703e-02
20: -1.323e-02
24: 2.645e-02
25: -1.633e-02
26: -1.888e-02
26: -7.453e-03
26: 1.590e-02
27: -8.071e-03
27: -3.570e-03
28: -2.749e-02
32: -1.095e-02
33: 2.088e-03
33: -9.457e-03
34: 8.388e-03
33: 8.667e-03
34: -1.791e-02
34: 2.797e-02
35: 1.753e-02
40: -2.122e-02
40: 9.325e-03
40: -7.086e-03
40: -3.478e-02
40: -4.488e-03
40: -2.249e-02
40: -3.057e-02
40: -1.595e-02
